Dec 27, 2024 11:30:15 AM com.example.file_watcher.FileWatcherApplication watchDirectoryForJsonFiles
INFO: Monitoreando directorio: C:\temp\example\json
Dec 27, 2024 11:32:53 AM com.example.file_watcher.FileWatcherApplication createRabbitMQChannel
SEVERE: Error al crear el canal RabbitMQ: ACCESS_REFUSED - Login was refused using authentication mechanism PLAIN. For details see the broker logfile.
Dec 27, 2024 11:32:53 AM com.example.file_watcher.FileWatcherApplication sendFileToRabbitMQ
SEVERE: Error al leer el archivo o enviar a RabbitMQ: Untitled-1.json
Dec 27, 2024 11:32:53 AM com.example.file_watcher.FileWatcherApplication createRabbitMQChannel
SEVERE: Error al crear el canal RabbitMQ: ACCESS_REFUSED - Login was refused using authentication mechanism PLAIN. For details see the broker logfile.
Dec 27, 2024 11:32:53 AM com.example.file_watcher.FileWatcherApplication sendFileToRabbitMQ
SEVERE: Error al leer el archivo o enviar a RabbitMQ: Untitled-1.json
Dec 27, 2024 11:57:12 AM com.example.file_watcher.FileWatcherApplication watchDirectoryForJsonFiles
INFO: Monitoreando directorio: C:\temp\example\json
Dec 27, 2024 11:58:33 AM com.example.file_watcher.FileWatcherApplication sendFileToRabbitMQ
SEVERE: Error al leer el archivo: 0.json - 0.json - null
Dec 27, 2024 11:58:41 AM com.example.file_watcher.FileWatcherApplication watchDirectoryForJsonFiles
INFO: Monitoreando directorio: C:\temp\example\json
Dec 27, 2024 11:59:01 AM com.example.file_watcher.FileWatcherApplication sendFileToRabbitMQ
SEVERE: Error al leer el archivo: 01.json - 01.json - null
Dec 27, 2024 11:59:16 AM com.example.file_watcher.FileWatcherApplication watchDirectoryForJsonFiles
INFO: Monitoreando directorio: C:\temp\example\json
Dec 27, 2024 12:00:28 PM com.example.file_watcher.FileWatcherApplication sendFileToRabbitMQ
SEVERE: Error al leer el archivo: 00.json - 00.json - null
Dec 27, 2024 12:00:54 PM com.example.file_watcher.FileWatcherApplication sendFileToRabbitMQ
SEVERE: Error al leer el archivo: 001.json - 001.json - null
Dec 27, 2024 12:02:38 PM com.example.file_watcher.FileWatcherApplication watchDirectoryForJsonFiles
INFO: Monitoreando directorio: C:\temp\example\json
Dec 27, 2024 12:02:39 PM com.example.file_watcher.FileWatcherApplication sendFileToRabbitMQ
INFO: Archivo enviado a RabbitMQ: 01.json
Dec 27, 2024 12:03:22 PM com.example.file_watcher.FileWatcherApplication sendFileToRabbitMQ
INFO: Archivo enviado a RabbitMQ: 02.json
Dec 27, 2024 12:05:03 PM com.example.file_watcher.FileWatcherApplication watchDirectoryForJsonFiles
INFO: Monitoreando directorio: C:\temp\example\json
Dec 27, 2024 12:05:09 PM com.example.file_watcher.FileWatcherApplication moveFile
INFO: Carpeta creada: C:\temp\example\json\read
Dec 27, 2024 12:05:09 PM com.example.file_watcher.FileWatcherApplication moveFile
INFO: Archivo movido a read: 01.json
Dec 27, 2024 12:05:09 PM com.example.file_watcher.FileWatcherApplication sendFileToRabbitMQ
INFO: Archivo enviado a RabbitMQ y movido a 'read': 01.json
Dec 27, 2024 12:05:18 PM com.example.file_watcher.FileWatcherApplication sendFileToRabbitMQ
SEVERE: Error al leer el archivo: 01.json - C:\temp\example\json\01.json: The process cannot access the file because it is being used by another process
Dec 27, 2024 12:05:18 PM com.example.file_watcher.FileWatcherApplication moveFile
INFO: Carpeta creada: C:\temp\example\json\error
Dec 27, 2024 12:05:18 PM com.example.file_watcher.FileWatcherApplication moveFile
INFO: Archivo movido a error: 01.json
Dec 27, 2024 12:05:27 PM com.example.file_watcher.FileWatcherApplication sendFileToRabbitMQ
SEVERE: Error al leer el archivo: 01.json - C:\temp\example\json\01.json: The process cannot access the file because it is being used by another process
Dec 27, 2024 12:05:27 PM com.example.file_watcher.FileWatcherApplication moveFile
INFO: Archivo movido a error: 01.json
Dec 27, 2024 12:05:51 PM com.example.file_watcher.FileWatcherApplication moveFile
INFO: Archivo movido a read: 02.json
Dec 27, 2024 12:05:51 PM com.example.file_watcher.FileWatcherApplication sendFileToRabbitMQ
INFO: Archivo enviado a RabbitMQ y movido a 'read': 02.json
